/Users/demo/Library/CloudStorage/Box-Box/Holmes_lab_kaley/git_repos/hyperopt_repo/hyperopt/__init__.py
--- Dataset: v1_week ---
0:	learn: 2.1353040	total: 11.7ms	remaining: 3.39s
1:	learn: 2.0856586	total: 21.3ms	remaining: 3.07s
2:	learn: 2.0519686	total: 36.6ms	remaining: 3.5s
3:	learn: 2.0186689	total: 43ms	remaining: 3.07s
4:	learn: 1.9812623	total: 47.6ms	remaining: 2.71s
5:	learn: 1.9504300	total: 54.7ms	remaining: 2.59s
6:	learn: 1.9263357	total: 62.9ms	remaining: 2.54s
7:	learn: 1.9052790	total: 69.1ms	remaining: 2.44s
8:	learn: 1.8854574	total: 74.6ms	remaining: 2.33s
9:	learn: 1.8666977	total: 83.8ms	remaining: 2.35s
10:	learn: 1.8521198	total: 89.1ms	remaining: 2.26s
11:	learn: 1.8361448	total: 153ms	remaining: 3.55s
12:	learn: 1.8226246	total: 196ms	remaining: 4.17s
13:	learn: 1.8100373	total: 228ms	remaining: 4.49s
14:	learn: 1.7958596	total: 243ms	remaining: 4.45s
15:	learn: 1.7837988	total: 265ms	remaining: 4.54s
16:	learn: 1.7737466	total: 291ms	remaining: 4.67s
17:	learn: 1.7639287	total: 296ms	remaining: 4.47s
18:	learn: 1.7546891	total: 302ms	remaining: 4.3s
19:	learn: 1.7449044	total: 310ms	remaining: 4.18s
20:	learn: 1.7346911	total: 315ms	remaining: 4.04s
21:	learn: 1.7257429	total: 323ms	remaining: 3.94s
22:	learn: 1.7176833	total: 335ms	remaining: 3.89s
23:	learn: 1.7073181	total: 340ms	remaining: 3.76s
24:	learn: 1.6976212	total: 389ms	remaining: 4.13s
25:	learn: 1.6898891	total: 429ms	remaining: 4.36s
26:	learn: 1.6841034	total: 449ms	remaining: 4.37s
27:	learn: 1.6777627	total: 465ms	remaining: 4.35s
28:	learn: 1.6694207	total: 500ms	remaining: 4.5s
29:	learn: 1.6619606	total: 527ms	remaining: 4.57s
30:	learn: 1.6517177	total: 555ms	remaining: 4.64s
31:	learn: 1.6444629	total: 579ms	remaining: 4.67s
32:	learn: 1.6373696	total: 592ms	remaining: 4.61s
33:	learn: 1.6307240	total: 604ms	remaining: 4.55s
34:	learn: 1.6228139	total: 614ms	remaining: 4.47s
35:	learn: 1.6158833	total: 632ms	remaining: 4.46s
36:	learn: 1.6092096	total: 690ms	remaining: 4.72s
37:	learn: 1.6033076	total: 721ms	remaining: 4.78s
38:	learn: 1.5978035	total: 737ms	remaining: 4.74s
39:	learn: 1.5905880	total: 775ms	remaining: 4.84s
40:	learn: 1.5866563	total: 780ms	remaining: 4.74s
41:	learn: 1.5800828	total: 787ms	remaining: 4.64s
42:	learn: 1.5742534	total: 803ms	remaining: 4.61s
43:	learn: 1.5672697	total: 809ms	remaining: 4.52s
44:	learn: 1.5631304	total: 854ms	remaining: 4.65s
45:	learn: 1.5583040	total: 873ms	remaining: 4.63s
46:	learn: 1.5534880	total: 909ms	remaining: 4.7s
47:	learn: 1.5478102	total: 936ms	remaining: 4.72s
48:	learn: 1.5452044	total: 954ms	remaining: 4.69s
49:	learn: 1.5425263	total: 961ms	remaining: 4.61s
50:	learn: 1.5394446	total: 966ms	remaining: 4.53s
51:	learn: 1.5311594	total: 982ms	remaining: 4.49s
52:	learn: 1.5249531	total: 995ms	remaining: 4.45s
53:	learn: 1.5192686	total: 1s	remaining: 4.38s
54:	learn: 1.5151386	total: 1.01s	remaining: 4.32s
55:	learn: 1.5085730	total: 1.02s	remaining: 4.25s
56:	learn: 1.5036713	total: 1.02s	remaining: 4.18s
57:	learn: 1.4980449	total: 1.03s	remaining: 4.11s
58:	learn: 1.4918153	total: 1.04s	remaining: 4.09s
59:	learn: 1.4867694	total: 1.09s	remaining: 4.2s
60:	learn: 1.4811104	total: 1.11s	remaining: 4.19s
61:	learn: 1.4763082	total: 1.13s	remaining: 4.17s
62:	learn: 1.4697155	total: 1.17s	remaining: 4.2s
63:	learn: 1.4648826	total: 1.2s	remaining: 4.25s
64:	learn: 1.4603871	total: 1.22s	remaining: 4.22s
65:	learn: 1.4577775	total: 1.24s	remaining: 4.2s
66:	learn: 1.4552646	total: 1.27s	remaining: 4.24s
67:	learn: 1.4511576	total: 1.28s	remaining: 4.17s
68:	learn: 1.4449456	total: 1.3s	remaining: 4.17s
69:	learn: 1.4421644	total: 1.32s	remaining: 4.16s
70:	learn: 1.4371530	total: 1.33s	remaining: 4.1s
71:	learn: 1.4331158	total: 1.33s	remaining: 4.04s
72:	learn: 1.4280137	total: 1.34s	remaining: 3.99s
73:	learn: 1.4218125	total: 1.35s	remaining: 3.93s
74:	learn: 1.4134400	total: 1.37s	remaining: 3.93s
75:	learn: 1.4062954	total: 1.38s	remaining: 3.89s
76:	learn: 1.3993415	total: 1.39s	remaining: 3.83s
77:	learn: 1.3977518	total: 1.39s	remaining: 3.78s
78:	learn: 1.3914026	total: 1.4s	remaining: 3.75s
79:	learn: 1.3899197	total: 1.41s	remaining: 3.7s
80:	learn: 1.3859473	total: 1.44s	remaining: 3.71s
81:	learn: 1.3830782	total: 1.44s	remaining: 3.65s
82:	learn: 1.3766134	total: 1.45s	remaining: 3.61s
83:	learn: 1.3735670	total: 1.46s	remaining: 3.58s
84:	learn: 1.3684476	total: 1.46s	remaining: 3.53s
85:	learn: 1.3633808	total: 1.47s	remaining: 3.49s
86:	learn: 1.3592202	total: 1.49s	remaining: 3.48s
87:	learn: 1.3582526	total: 1.51s	remaining: 3.48s
88:	learn: 1.3570513	total: 1.54s	remaining: 3.48s
89:	learn: 1.3529109	total: 1.57s	remaining: 3.49s
90:	learn: 1.3495342	total: 1.6s	remaining: 3.5s
91:	learn: 1.3472836	total: 1.65s	remaining: 3.55s
92:	learn: 1.3428487	total: 1.66s	remaining: 3.51s
93:	learn: 1.3402339	total: 1.68s	remaining: 3.5s
94:	learn: 1.3375297	total: 1.69s	remaining: 3.46s
95:	learn: 1.3327298	total: 1.69s	remaining: 3.42s
96:	learn: 1.3293966	total: 1.7s	remaining: 3.38s
97:	learn: 1.3221856	total: 1.7s	remaining: 3.34s
98:	learn: 1.3185402	total: 1.72s	remaining: 3.32s
99:	learn: 1.3149712	total: 1.73s	remaining: 3.29s
100:	learn: 1.3105007	total: 1.76s	remaining: 3.3s
101:	learn: 1.3068455	total: 1.77s	remaining: 3.26s
102:	learn: 1.3059481	total: 1.78s	remaining: 3.23s
103:	learn: 1.3013100	total: 1.81s	remaining: 3.23s
104:	learn: 1.2965285	total: 1.83s	remaining: 3.23s
105:	learn: 1.2933350	total: 1.84s	remaining: 3.2s
106:	learn: 1.2887650	total: 1.89s	remaining: 3.23s
107:	learn: 1.2856349	total: 1.92s	remaining: 3.23s
108:	learn: 1.2814339	total: 1.94s	remaining: 3.21s
109:	learn: 1.2805904	total: 1.94s	remaining: 3.18s
110:	learn: 1.2738602	total: 1.95s	remaining: 3.15s
111:	learn: 1.2691756	total: 1.99s	remaining: 3.16s
112:	learn: 1.2670240	total: 2.01s	remaining: 3.15s
113:	learn: 1.2644474	total: 2.03s	remaining: 3.14s
114:	learn: 1.2606917	total: 2.04s	remaining: 3.1s
115:	learn: 1.2570154	total: 2.04s	remaining: 3.06s
116:	learn: 1.2533518	total: 2.05s	remaining: 3.03s
117:	learn: 1.2494788	total: 2.05s	remaining: 2.99s
118:	learn: 1.2489143	total: 2.06s	remaining: 2.96s
119:	learn: 1.2461232	total: 2.06s	remaining: 2.92s
120:	learn: 1.2422481	total: 2.08s	remaining: 2.9s
121:	learn: 1.2405287	total: 2.11s	remaining: 2.9s
122:	learn: 1.2368906	total: 2.11s	remaining: 2.87s
123:	learn: 1.2345634	total: 2.12s	remaining: 2.84s
124:	learn: 1.2336540	total: 2.13s	remaining: 2.81s
125:	learn: 1.2303629	total: 2.13s	remaining: 2.77s
126:	learn: 1.2277918	total: 2.13s	remaining: 2.74s
127:	learn: 1.2253127	total: 2.14s	remaining: 2.71s
128:	learn: 1.2218260	total: 2.16s	remaining: 2.69s
129:	learn: 1.2194680	total: 2.16s	remaining: 2.66s
130:	learn: 1.2180682	total: 2.17s	remaining: 2.63s
131:	learn: 1.2141400	total: 2.17s	remaining: 2.6s
132:	learn: 1.2115151	total: 2.18s	remaining: 2.57s
133:	learn: 1.2080115	total: 2.19s	remaining: 2.54s
134:	learn: 1.2027785	total: 2.19s	remaining: 2.51s
135:	learn: 1.1993573	total: 2.19s	remaining: 2.48s
136:	learn: 1.1964058	total: 2.2s	remaining: 2.46s
137:	learn: 1.1947080	total: 2.2s	remaining: 2.43s
138:	learn: 1.1917793	total: 2.21s	remaining: 2.4s
139:	learn: 1.1867823	total: 2.24s	remaining: 2.4s
140:	learn: 1.1819098	total: 2.26s	remaining: 2.39s
141:	learn: 1.1759301	total: 2.27s	remaining: 2.37s
142:	learn: 1.1737962	total: 2.3s	remaining: 2.36s
143:	learn: 1.1698414	total: 2.3s	remaining: 2.33s
144:	learn: 1.1657961	total: 2.33s	remaining: 2.33s
145:	learn: 1.1623531	total: 2.35s	remaining: 2.32s
146:	learn: 1.1591796	total: 2.36s	remaining: 2.3s
147:	learn: 1.1549744	total: 2.39s	remaining: 2.29s
148:	learn: 1.1540027	total: 2.39s	remaining: 2.26s
149:	learn: 1.1498322	total: 2.41s	remaining: 2.25s
150:	learn: 1.1467956	total: 2.42s	remaining: 2.23s
151:	learn: 1.1443249	total: 2.43s	remaining: 2.21s
152:	learn: 1.1404325	total: 2.44s	remaining: 2.18s
153:	learn: 1.1360343	total: 2.45s	remaining: 2.17s
154:	learn: 1.1341623	total: 2.46s	remaining: 2.14s
155:	learn: 1.1331156	total: 2.46s	remaining: 2.12s
156:	learn: 1.1267238	total: 2.47s	remaining: 2.09s
157:	learn: 1.1233134	total: 2.47s	remaining: 2.07s
158:	learn: 1.1198801	total: 2.49s	remaining: 2.05s
159:	learn: 1.1186382	total: 2.51s	remaining: 2.04s
160:	learn: 1.1169596	total: 2.52s	remaining: 2.02s
161:	learn: 1.1133206	total: 2.52s	remaining: 2s
162:	learn: 1.1110085	total: 2.54s	remaining: 1.98s
163:	learn: 1.1072420	total: 2.56s	remaining: 1.97s
164:	learn: 1.1041486	total: 2.57s	remaining: 1.95s
165:	learn: 1.0995639	total: 2.59s	remaining: 1.93s
166:	learn: 1.0974264	total: 2.59s	remaining: 1.91s
167:	learn: 1.0946599	total: 2.6s	remaining: 1.89s
168:	learn: 1.0900466	total: 2.62s	remaining: 1.87s
169:	learn: 1.0879281	total: 2.63s	remaining: 1.85s
170:	learn: 1.0858589	total: 2.65s	remaining: 1.84s
171:	learn: 1.0815120	total: 2.66s	remaining: 1.82s
172:	learn: 1.0773055	total: 2.66s	remaining: 1.8s
173:	learn: 1.0743968	total: 2.67s	remaining: 1.78s
174:	learn: 1.0702512	total: 2.69s	remaining: 1.76s
175:	learn: 1.0677992	total: 2.7s	remaining: 1.75s
176:	learn: 1.0665166	total: 2.73s	remaining: 1.74s
177:	learn: 1.0639425	total: 2.74s	remaining: 1.72s
178:	learn: 1.0620597	total: 2.75s	remaining: 1.7s
179:	learn: 1.0596518	total: 2.75s	remaining: 1.68s
180:	learn: 1.0569727	total: 2.76s	remaining: 1.66s
181:	learn: 1.0561662	total: 2.76s	remaining: 1.64s
182:	learn: 1.0522381	total: 2.79s	remaining: 1.63s
183:	learn: 1.0487207	total: 2.82s	remaining: 1.63s
184:	learn: 1.0474431	total: 2.83s	remaining: 1.61s
185:	learn: 1.0437311	total: 2.86s	remaining: 1.6s
186:	learn: 1.0404575	total: 2.9s	remaining: 1.59s
187:	learn: 1.0387625	total: 2.9s	remaining: 1.57s
188:	learn: 1.0352847	total: 2.9s	remaining: 1.55s
189:	learn: 1.0322298	total: 2.91s	remaining: 1.53s
190:	learn: 1.0307358	total: 2.91s	remaining: 1.51s
191:	learn: 1.0279298	total: 2.92s	remaining: 1.49s
192:	learn: 1.0248745	total: 2.93s	remaining: 1.47s
193:	learn: 1.0228977	total: 2.95s	remaining: 1.46s
194:	learn: 1.0211968	total: 2.97s	remaining: 1.45s
195:	learn: 1.0181975	total: 2.98s	remaining: 1.43s
196:	learn: 1.0155030	total: 2.98s	remaining: 1.41s
197:	learn: 1.0121727	total: 2.99s	remaining: 1.39s
198:	learn: 1.0099850	total: 2.99s	remaining: 1.37s
199:	learn: 1.0070305	total: 3s	remaining: 1.35s
200:	learn: 1.0044228	total: 3.01s	remaining: 1.33s
201:	learn: 1.0008652	total: 3.01s	remaining: 1.31s
202:	learn: 0.9990769	total: 3.02s	remaining: 1.29s
203:	learn: 0.9965630	total: 3.03s	remaining: 1.28s
204:	learn: 0.9954931	total: 3.06s	remaining: 1.27s
205:	learn: 0.9937753	total: 3.09s	remaining: 1.26s
206:	learn: 0.9923321	total: 3.11s	remaining: 1.25s
207:	learn: 0.9886870	total: 3.14s	remaining: 1.24s
208:	learn: 0.9878446	total: 3.17s	remaining: 1.23s
209:	learn: 0.9841145	total: 3.19s	remaining: 1.22s
210:	learn: 0.9812537	total: 3.22s	remaining: 1.21s
211:	learn: 0.9775905	total: 3.24s	remaining: 1.19s
212:	learn: 0.9750011	total: 3.25s	remaining: 1.18s
213:	learn: 0.9729207	total: 3.28s	remaining: 1.17s
214:	learn: 0.9700576	total: 3.3s	remaining: 1.15s
215:	learn: 0.9674599	total: 3.31s	remaining: 1.14s
216:	learn: 0.9651247	total: 3.33s	remaining: 1.12s
217:	learn: 0.9624010	total: 3.33s	remaining: 1.1s
218:	learn: 0.9594859	total: 3.35s	remaining: 1.08s
219:	learn: 0.9557839	total: 3.35s	remaining: 1.07s
220:	learn: 0.9517193	total: 3.36s	remaining: 1.05s
221:	learn: 0.9499723	total: 3.4s	remaining: 1.04s
222:	learn: 0.9470196	total: 3.42s	remaining: 1.03s
223:	learn: 0.9442289	total: 3.43s	remaining: 1.01s
224:	learn: 0.9429377	total: 3.45s	remaining: 997ms
225:	learn: 0.9395385	total: 3.47s	remaining: 982ms
226:	learn: 0.9377889	total: 3.49s	remaining: 968ms
227:	learn: 0.9352045	total: 3.5s	remaining: 953ms
228:	learn: 0.9342600	total: 3.52s	remaining: 938ms
229:	learn: 0.9333001	total: 3.52s	remaining: 919ms
230:	learn: 0.9300758	total: 3.54s	remaining: 905ms
231:	learn: 0.9282636	total: 3.56s	remaining: 891ms
232:	learn: 0.9242686	total: 3.58s	remaining: 877ms
233:	learn: 0.9217708	total: 3.6s	remaining: 861ms
234:	learn: 0.9213202	total: 3.61s	remaining: 845ms
235:	learn: 0.9187573	total: 3.63s	remaining: 830ms
236:	learn: 0.9154154	total: 3.64s	remaining: 814ms
237:	learn: 0.9142278	total: 3.65s	remaining: 798ms
238:	learn: 0.9136587	total: 3.66s	remaining: 781ms
239:	learn: 0.9113163	total: 3.68s	remaining: 768ms
240:	learn: 0.9098787	total: 3.69s	remaining: 751ms
241:	learn: 0.9070091	total: 3.7s	remaining: 734ms
242:	learn: 0.9066690	total: 3.73s	remaining: 721ms
243:	learn: 0.9044066	total: 3.75s	remaining: 708ms
244:	learn: 0.9037990	total: 3.76s	remaining: 691ms
245:	learn: 0.9014194	total: 3.78s	remaining: 676ms
246:	learn: 0.8996157	total: 3.8s	remaining: 662ms
247:	learn: 0.8971780	total: 3.83s	remaining: 648ms
248:	learn: 0.8941740	total: 3.84s	remaining: 633ms
249:	learn: 0.8913560	total: 3.86s	remaining: 617ms
250:	learn: 0.8886627	total: 3.87s	remaining: 602ms
251:	learn: 0.8880662	total: 3.89s	remaining: 586ms
252:	learn: 0.8864250	total: 3.92s	remaining: 574ms
253:	learn: 0.8837419	total: 3.95s	remaining: 560ms
254:	learn: 0.8805025	total: 3.97s	remaining: 544ms
255:	learn: 0.8784921	total: 3.98s	remaining: 528ms
256:	learn: 0.8752587	total: 3.99s	remaining: 513ms
257:	learn: 0.8729920	total: 4s	remaining: 497ms
258:	learn: 0.8699158	total: 4.03s	remaining: 482ms
259:	learn: 0.8678833	total: 4.06s	remaining: 468ms
260:	learn: 0.8671177	total: 4.07s	remaining: 452ms
261:	learn: 0.8652837	total: 4.09s	remaining: 437ms
262:	learn: 0.8625400	total: 4.11s	remaining: 422ms
263:	learn: 0.8595915	total: 4.13s	remaining: 406ms
264:	learn: 0.8581060	total: 4.13s	remaining: 390ms
265:	learn: 0.8562605	total: 4.14s	remaining: 373ms
266:	learn: 0.8534720	total: 4.14s	remaining: 357ms
267:	learn: 0.8515724	total: 4.17s	remaining: 343ms
268:	learn: 0.8495638	total: 4.18s	remaining: 326ms
269:	learn: 0.8475142	total: 4.19s	remaining: 311ms
270:	learn: 0.8450507	total: 4.2s	remaining: 294ms
271:	learn: 0.8412165	total: 4.2s	remaining: 278ms
272:	learn: 0.8393083	total: 4.21s	remaining: 262ms
273:	learn: 0.8360288	total: 4.21s	remaining: 246ms
274:	learn: 0.8349045	total: 4.22s	remaining: 230ms
275:	learn: 0.8314019	total: 4.23s	remaining: 215ms
276:	learn: 0.8295303	total: 4.25s	remaining: 199ms
277:	learn: 0.8279308	total: 4.25s	remaining: 184ms
278:	learn: 0.8254727	total: 4.28s	remaining: 169ms
279:	learn: 0.8246388	total: 4.3s	remaining: 153ms
280:	learn: 0.8229845	total: 4.31s	remaining: 138ms
281:	learn: 0.8223005	total: 4.33s	remaining: 123ms
282:	learn: 0.8210073	total: 4.34s	remaining: 107ms
283:	learn: 0.8181249	total: 4.36s	remaining: 92ms
284:	learn: 0.8165752	total: 4.4s	remaining: 77.1ms
285:	learn: 0.8127005	total: 4.42s	remaining: 61.8ms
286:	learn: 0.8105193	total: 4.43s	remaining: 46.4ms
287:	learn: 0.8100031	total: 4.45s	remaining: 30.9ms
288:	learn: 0.8068117	total: 4.48s	remaining: 15.5ms
289:	learn: 0.8056554	total: 4.5s	remaining: 0us
v1_week accuracy: 0.3376
