/Users/demo/Library/CloudStorage/Box-Box/Holmes_lab_kaley/git_repos/hyperopt_repo/hyperopt/__init__.py
--- Dataset: v2_day ---
0:	learn: 2.1908860	total: 1.77ms	remaining: 479ms
1:	learn: 2.1846753	total: 3.04ms	remaining: 411ms
2:	learn: 2.1771251	total: 4.37ms	remaining: 392ms
3:	learn: 2.1683786	total: 5.65ms	remaining: 379ms
4:	learn: 2.1614490	total: 6.93ms	remaining: 370ms
5:	learn: 2.1566253	total: 8.27ms	remaining: 367ms
6:	learn: 2.1513660	total: 112ms	remaining: 4.25s
7:	learn: 2.1438191	total: 127ms	remaining: 4.2s
8:	learn: 2.1381025	total: 129ms	remaining: 3.76s
9:	learn: 2.1320520	total: 130ms	remaining: 3.4s
10:	learn: 2.1271088	total: 131ms	remaining: 3.11s
11:	learn: 2.1215724	total: 132ms	remaining: 2.87s
12:	learn: 2.1145714	total: 134ms	remaining: 2.66s
13:	learn: 2.1097692	total: 135ms	remaining: 2.49s
14:	learn: 2.1037234	total: 136ms	remaining: 2.33s
15:	learn: 2.0970094	total: 138ms	remaining: 2.2s
16:	learn: 2.0904415	total: 139ms	remaining: 2.08s
17:	learn: 2.0857401	total: 140ms	remaining: 1.98s
18:	learn: 2.0808309	total: 141ms	remaining: 1.88s
19:	learn: 2.0765802	total: 143ms	remaining: 1.8s
20:	learn: 2.0688550	total: 144ms	remaining: 1.72s
21:	learn: 2.0615489	total: 145ms	remaining: 1.65s
22:	learn: 2.0552166	total: 147ms	remaining: 1.59s
23:	learn: 2.0471669	total: 148ms	remaining: 1.53s
24:	learn: 2.0427998	total: 149ms	remaining: 1.47s
25:	learn: 2.0367985	total: 151ms	remaining: 1.42s
26:	learn: 2.0299380	total: 152ms	remaining: 1.38s
27:	learn: 2.0236862	total: 153ms	remaining: 1.33s
28:	learn: 2.0162517	total: 154ms	remaining: 1.29s
29:	learn: 2.0095656	total: 156ms	remaining: 1.26s
30:	learn: 2.0042714	total: 157ms	remaining: 1.22s
31:	learn: 1.9978270	total: 158ms	remaining: 1.19s
32:	learn: 1.9924800	total: 160ms	remaining: 1.16s
33:	learn: 1.9856719	total: 161ms	remaining: 1.13s
34:	learn: 1.9821298	total: 414ms	remaining: 2.81s
35:	learn: 1.9768985	total: 434ms	remaining: 2.84s
36:	learn: 1.9712731	total: 438ms	remaining: 2.78s
37:	learn: 1.9662390	total: 449ms	remaining: 2.76s
38:	learn: 1.9606481	total: 450ms	remaining: 2.69s
39:	learn: 1.9553942	total: 451ms	remaining: 2.62s
40:	learn: 1.9500682	total: 453ms	remaining: 2.55s
41:	learn: 1.9455455	total: 455ms	remaining: 2.49s
42:	learn: 1.9401812	total: 456ms	remaining: 2.43s
43:	learn: 1.9347286	total: 457ms	remaining: 2.37s
44:	learn: 1.9307254	total: 459ms	remaining: 2.32s
45:	learn: 1.9254377	total: 461ms	remaining: 2.26s
46:	learn: 1.9193621	total: 462ms	remaining: 2.21s
47:	learn: 1.9150698	total: 463ms	remaining: 2.16s
48:	learn: 1.9106036	total: 465ms	remaining: 2.11s
49:	learn: 1.9058543	total: 616ms	remaining: 2.74s
50:	learn: 1.9015703	total: 618ms	remaining: 2.68s
51:	learn: 1.8983266	total: 619ms	remaining: 2.62s
52:	learn: 1.8933374	total: 620ms	remaining: 2.56s
53:	learn: 1.8891229	total: 623ms	remaining: 2.51s
54:	learn: 1.8833975	total: 705ms	remaining: 2.78s
55:	learn: 1.8777110	total: 709ms	remaining: 2.73s
56:	learn: 1.8732774	total: 711ms	remaining: 2.68s
57:	learn: 1.8686657	total: 712ms	remaining: 2.63s
58:	learn: 1.8639149	total: 713ms	remaining: 2.57s
59:	learn: 1.8591507	total: 715ms	remaining: 2.52s
60:	learn: 1.8554955	total: 716ms	remaining: 2.48s
61:	learn: 1.8509441	total: 717ms	remaining: 2.43s
62:	learn: 1.8465837	total: 719ms	remaining: 2.38s
63:	learn: 1.8437064	total: 720ms	remaining: 2.34s
64:	learn: 1.8395922	total: 728ms	remaining: 2.32s
65:	learn: 1.8360202	total: 729ms	remaining: 2.28s
66:	learn: 1.8317626	total: 732ms	remaining: 2.24s
67:	learn: 1.8267617	total: 801ms	remaining: 2.4s
68:	learn: 1.8215447	total: 816ms	remaining: 2.4s
69:	learn: 1.8152432	total: 817ms	remaining: 2.36s
70:	learn: 1.8124398	total: 818ms	remaining: 2.32s
71:	learn: 1.8076672	total: 820ms	remaining: 2.28s
72:	learn: 1.8032399	total: 821ms	remaining: 2.24s
73:	learn: 1.7986244	total: 822ms	remaining: 2.2s
74:	learn: 1.7928801	total: 824ms	remaining: 2.16s
75:	learn: 1.7881161	total: 825ms	remaining: 2.13s
76:	learn: 1.7821108	total: 827ms	remaining: 2.09s
77:	learn: 1.7788299	total: 837ms	remaining: 2.08s
78:	learn: 1.7738472	total: 846ms	remaining: 2.07s
79:	learn: 1.7685971	total: 848ms	remaining: 2.03s
80:	learn: 1.7650933	total: 849ms	remaining: 2s
81:	learn: 1.7616115	total: 850ms	remaining: 1.97s
82:	learn: 1.7584041	total: 853ms	remaining: 1.94s
83:	learn: 1.7527458	total: 892ms	remaining: 2s
84:	learn: 1.7476822	total: 894ms	remaining: 1.97s
85:	learn: 1.7443380	total: 895ms	remaining: 1.94s
86:	learn: 1.7409092	total: 896ms	remaining: 1.91s
87:	learn: 1.7374794	total: 898ms	remaining: 1.88s
88:	learn: 1.7338763	total: 899ms	remaining: 1.85s
89:	learn: 1.7298842	total: 900ms	remaining: 1.82s
90:	learn: 1.7252519	total: 902ms	remaining: 1.79s
91:	learn: 1.7209542	total: 904ms	remaining: 1.77s
92:	learn: 1.7179802	total: 905ms	remaining: 1.74s
93:	learn: 1.7139431	total: 906ms	remaining: 1.72s
94:	learn: 1.7089266	total: 908ms	remaining: 1.69s
95:	learn: 1.7058874	total: 909ms	remaining: 1.67s
96:	learn: 1.7030028	total: 959ms	remaining: 1.73s
97:	learn: 1.6978381	total: 960ms	remaining: 1.7s
98:	learn: 1.6948695	total: 1s	remaining: 1.75s
99:	learn: 1.6913276	total: 1s	remaining: 1.73s
100:	learn: 1.6873315	total: 1.05s	remaining: 1.79s
101:	learn: 1.6835501	total: 1.06s	remaining: 1.76s
102:	learn: 1.6796160	total: 1.17s	remaining: 1.92s
103:	learn: 1.6762227	total: 1.23s	remaining: 1.98s
104:	learn: 1.6712389	total: 1.23s	remaining: 1.96s
105:	learn: 1.6688208	total: 1.23s	remaining: 1.93s
106:	learn: 1.6662868	total: 1.23s	remaining: 1.9s
107:	learn: 1.6638275	total: 1.24s	remaining: 1.88s
108:	learn: 1.6613363	total: 1.24s	remaining: 1.85s
109:	learn: 1.6574584	total: 1.24s	remaining: 1.82s
110:	learn: 1.6537536	total: 1.24s	remaining: 1.8s
111:	learn: 1.6502473	total: 1.24s	remaining: 1.77s
112:	learn: 1.6472373	total: 1.24s	remaining: 1.75s
113:	learn: 1.6431478	total: 1.24s	remaining: 1.72s
114:	learn: 1.6391664	total: 1.24s	remaining: 1.7s
115:	learn: 1.6353841	total: 1.25s	remaining: 1.68s
116:	learn: 1.6334078	total: 1.34s	remaining: 1.78s
117:	learn: 1.6309051	total: 1.46s	remaining: 1.9s
118:	learn: 1.6277596	total: 1.46s	remaining: 1.88s
119:	learn: 1.6239966	total: 1.47s	remaining: 1.87s
120:	learn: 1.6205935	total: 1.48s	remaining: 1.84s
121:	learn: 1.6171754	total: 1.48s	remaining: 1.82s
122:	learn: 1.6141454	total: 1.49s	remaining: 1.8s
123:	learn: 1.6108847	total: 1.49s	remaining: 1.78s
124:	learn: 1.6087105	total: 1.49s	remaining: 1.75s
125:	learn: 1.6043252	total: 1.49s	remaining: 1.73s
126:	learn: 1.6014077	total: 1.49s	remaining: 1.7s
127:	learn: 1.5996370	total: 1.49s	remaining: 1.68s
128:	learn: 1.5968426	total: 1.5s	remaining: 1.66s
129:	learn: 1.5946916	total: 1.5s	remaining: 1.64s
130:	learn: 1.5909448	total: 1.5s	remaining: 1.61s
131:	learn: 1.5869614	total: 1.5s	remaining: 1.59s
132:	learn: 1.5834094	total: 1.5s	remaining: 1.57s
133:	learn: 1.5796002	total: 1.5s	remaining: 1.55s
134:	learn: 1.5761786	total: 1.5s	remaining: 1.53s
135:	learn: 1.5736811	total: 1.5s	remaining: 1.5s
136:	learn: 1.5689127	total: 1.53s	remaining: 1.51s
137:	learn: 1.5658432	total: 1.57s	remaining: 1.52s
138:	learn: 1.5629501	total: 1.59s	remaining: 1.52s
139:	learn: 1.5596782	total: 1.59s	remaining: 1.5s
140:	learn: 1.5568007	total: 1.59s	remaining: 1.48s
141:	learn: 1.5544119	total: 1.59s	remaining: 1.46s
142:	learn: 1.5511651	total: 1.59s	remaining: 1.44s
143:	learn: 1.5485554	total: 1.6s	remaining: 1.42s
144:	learn: 1.5458786	total: 1.6s	remaining: 1.4s
145:	learn: 1.5427728	total: 1.6s	remaining: 1.38s
146:	learn: 1.5390798	total: 1.6s	remaining: 1.36s
147:	learn: 1.5360486	total: 1.6s	remaining: 1.34s
148:	learn: 1.5339958	total: 1.68s	remaining: 1.38s
149:	learn: 1.5307210	total: 1.74s	remaining: 1.41s
150:	learn: 1.5274834	total: 1.76s	remaining: 1.41s
151:	learn: 1.5237727	total: 1.76s	remaining: 1.39s
152:	learn: 1.5211774	total: 1.77s	remaining: 1.37s
153:	learn: 1.5191344	total: 1.77s	remaining: 1.36s
154:	learn: 1.5159001	total: 1.77s	remaining: 1.34s
155:	learn: 1.5125804	total: 1.77s	remaining: 1.32s
156:	learn: 1.5087552	total: 1.77s	remaining: 1.3s
157:	learn: 1.5053643	total: 1.77s	remaining: 1.28s
158:	learn: 1.5027059	total: 1.82s	remaining: 1.29s
159:	learn: 1.5007534	total: 1.82s	remaining: 1.28s
160:	learn: 1.4974948	total: 1.82s	remaining: 1.26s
161:	learn: 1.4957864	total: 1.82s	remaining: 1.24s
162:	learn: 1.4937862	total: 1.85s	remaining: 1.24s
163:	learn: 1.4897971	total: 1.85s	remaining: 1.22s
164:	learn: 1.4865183	total: 1.85s	remaining: 1.2s
165:	learn: 1.4841286	total: 1.9s	remaining: 1.21s
166:	learn: 1.4816602	total: 1.9s	remaining: 1.19s
167:	learn: 1.4789311	total: 1.9s	remaining: 1.18s
168:	learn: 1.4764564	total: 1.94s	remaining: 1.18s
169:	learn: 1.4731776	total: 1.94s	remaining: 1.16s
170:	learn: 1.4703739	total: 1.94s	remaining: 1.15s
171:	learn: 1.4679763	total: 1.94s	remaining: 1.13s
172:	learn: 1.4659009	total: 1.94s	remaining: 1.11s
173:	learn: 1.4623889	total: 1.94s	remaining: 1.09s
174:	learn: 1.4603598	total: 2.03s	remaining: 1.13s
175:	learn: 1.4573747	total: 2.05s	remaining: 1.12s
176:	learn: 1.4543316	total: 2.05s	remaining: 1.1s
177:	learn: 1.4515380	total: 2.06s	remaining: 1.08s
178:	learn: 1.4481730	total: 2.06s	remaining: 1.07s
179:	learn: 1.4465515	total: 2.06s	remaining: 1.05s
180:	learn: 1.4441708	total: 2.06s	remaining: 1.03s
181:	learn: 1.4414668	total: 2.08s	remaining: 1.03s
182:	learn: 1.4382412	total: 2.08s	remaining: 1.01s
183:	learn: 1.4361603	total: 2.09s	remaining: 999ms
184:	learn: 1.4331399	total: 2.09s	remaining: 983ms
185:	learn: 1.4305548	total: 2.09s	remaining: 967ms
186:	learn: 1.4278900	total: 2.09s	remaining: 952ms
187:	learn: 1.4259543	total: 2.09s	remaining: 936ms
188:	learn: 1.4242547	total: 2.1s	remaining: 921ms
189:	learn: 1.4220947	total: 2.1s	remaining: 905ms
190:	learn: 1.4194421	total: 2.12s	remaining: 898ms
191:	learn: 1.4172099	total: 2.12s	remaining: 883ms
192:	learn: 1.4145642	total: 2.12s	remaining: 868ms
193:	learn: 1.4130619	total: 2.12s	remaining: 853ms
194:	learn: 1.4110898	total: 2.12s	remaining: 838ms
195:	learn: 1.4086649	total: 2.12s	remaining: 824ms
196:	learn: 1.4063276	total: 2.13s	remaining: 809ms
197:	learn: 1.4044692	total: 2.13s	remaining: 795ms
198:	learn: 1.4021954	total: 2.13s	remaining: 781ms
199:	learn: 1.3995152	total: 2.13s	remaining: 767ms
200:	learn: 1.3971093	total: 2.13s	remaining: 753ms
201:	learn: 1.3952048	total: 2.13s	remaining: 739ms
202:	learn: 1.3921818	total: 2.13s	remaining: 726ms
203:	learn: 1.3903102	total: 2.13s	remaining: 712ms
204:	learn: 1.3876413	total: 2.14s	remaining: 698ms
205:	learn: 1.3852523	total: 2.14s	remaining: 685ms
206:	learn: 1.3835091	total: 2.15s	remaining: 674ms
207:	learn: 1.3811400	total: 2.15s	remaining: 661ms
208:	learn: 1.3781102	total: 2.15s	remaining: 648ms
209:	learn: 1.3757961	total: 2.15s	remaining: 635ms
210:	learn: 1.3729861	total: 2.15s	remaining: 622ms
211:	learn: 1.3710580	total: 2.15s	remaining: 609ms
212:	learn: 1.3686441	total: 2.15s	remaining: 597ms
213:	learn: 1.3673841	total: 2.18s	remaining: 590ms
214:	learn: 1.3650725	total: 2.18s	remaining: 578ms
215:	learn: 1.3625373	total: 2.18s	remaining: 565ms
216:	learn: 1.3597516	total: 2.18s	remaining: 553ms
217:	learn: 1.3574988	total: 2.18s	remaining: 541ms
218:	learn: 1.3551623	total: 2.18s	remaining: 529ms
219:	learn: 1.3528719	total: 2.19s	remaining: 517ms
220:	learn: 1.3511349	total: 2.3s	remaining: 531ms
221:	learn: 1.3491929	total: 2.3s	remaining: 519ms
222:	learn: 1.3466735	total: 2.31s	remaining: 508ms
223:	learn: 1.3445099	total: 2.31s	remaining: 496ms
224:	learn: 1.3416627	total: 2.31s	remaining: 484ms
225:	learn: 1.3383241	total: 2.32s	remaining: 472ms
226:	learn: 1.3356837	total: 2.32s	remaining: 460ms
227:	learn: 1.3334769	total: 2.35s	remaining: 453ms
228:	learn: 1.3318526	total: 2.35s	remaining: 441ms
229:	learn: 1.3300611	total: 2.35s	remaining: 429ms
230:	learn: 1.3276589	total: 2.35s	remaining: 417ms
231:	learn: 1.3249684	total: 2.35s	remaining: 406ms
232:	learn: 1.3232021	total: 2.35s	remaining: 394ms
233:	learn: 1.3209824	total: 2.35s	remaining: 382ms
234:	learn: 1.3190105	total: 2.36s	remaining: 371ms
235:	learn: 1.3173131	total: 2.36s	remaining: 360ms
236:	learn: 1.3151602	total: 2.36s	remaining: 348ms
237:	learn: 1.3130910	total: 2.36s	remaining: 337ms
238:	learn: 1.3109764	total: 2.36s	remaining: 326ms
239:	learn: 1.3086318	total: 2.36s	remaining: 315ms
240:	learn: 1.3067889	total: 2.36s	remaining: 304ms
241:	learn: 1.3045459	total: 2.37s	remaining: 294ms
242:	learn: 1.3020181	total: 2.37s	remaining: 283ms
243:	learn: 1.3000648	total: 2.37s	remaining: 272ms
244:	learn: 1.2980826	total: 2.37s	remaining: 261ms
245:	learn: 1.2970143	total: 2.37s	remaining: 251ms
246:	learn: 1.2954635	total: 2.37s	remaining: 240ms
247:	learn: 1.2930418	total: 2.38s	remaining: 230ms
248:	learn: 1.2906589	total: 2.57s	remaining: 237ms
249:	learn: 1.2886990	total: 2.57s	remaining: 226ms
250:	learn: 1.2864722	total: 2.57s	remaining: 215ms
251:	learn: 1.2842727	total: 2.57s	remaining: 204ms
252:	learn: 1.2827601	total: 2.58s	remaining: 193ms
253:	learn: 1.2805989	total: 2.63s	remaining: 187ms
254:	learn: 1.2787482	total: 2.64s	remaining: 176ms
255:	learn: 1.2770138	total: 2.64s	remaining: 165ms
256:	learn: 1.2754499	total: 2.64s	remaining: 154ms
257:	learn: 1.2733253	total: 2.64s	remaining: 143ms
258:	learn: 1.2716166	total: 2.64s	remaining: 133ms
259:	learn: 1.2695573	total: 2.64s	remaining: 122ms
260:	learn: 1.2676838	total: 2.64s	remaining: 111ms
261:	learn: 1.2665128	total: 2.64s	remaining: 101ms
262:	learn: 1.2640140	total: 2.65s	remaining: 90.5ms
263:	learn: 1.2616166	total: 2.65s	remaining: 80.2ms
264:	learn: 1.2598076	total: 2.65s	remaining: 69.9ms
265:	learn: 1.2578176	total: 2.65s	remaining: 59.8ms
266:	learn: 1.2555993	total: 2.65s	remaining: 49.6ms
267:	learn: 1.2540792	total: 2.66s	remaining: 39.7ms
268:	learn: 1.2530672	total: 2.66s	remaining: 29.7ms
269:	learn: 1.2508295	total: 2.66s	remaining: 19.7ms
270:	learn: 1.2492988	total: 2.67s	remaining: 9.84ms
271:	learn: 1.2471528	total: 2.67s	remaining: 0us
v2_day accuracy: 0.3846
